<?xml version="1.0" encoding="utf-8"?><testsuites><testsuite name="pytest" errors="0" failures="0" skipped="0" tests="2" time="127.824" timestamp="2023-04-28T14:22:23.658616" hostname="biobb-runners"><testcase classname="biobb_cp2k.test.unitests.test_cp2k.test_cp2k_prep.TestCp2kPrep" name="test_cp2k_prep" time="0.011" /><testcase classname="biobb_cp2k.test.unitests.test_cp2k.test_cp2k_run.TestCp2kRun" name="test_cp2k_run" time="127.525" /></testsuite></testsuites>