<?xml version="1.0" encoding="utf-8"?><testsuites><testsuite name="pytest" errors="0" failures="0" skipped="0" tests="2" time="171.109" timestamp="2024-11-04T10:42:57.229780+00:00" hostname="biobb-runners"><testcase classname="biobb_cp2k.test.unitests.test_cp2k.test_cp2k_prep.TestCp2kPrep" name="test_cp2k_prep" time="0.013" /><testcase classname="biobb_cp2k.test.unitests.test_cp2k.test_cp2k_run.TestCp2kRun" name="test_cp2k_run" time="170.735" /></testsuite></testsuites>