<?xml version="1.0" encoding="utf-8"?><testsuites><testsuite name="pytest" errors="0" failures="0" skipped="0" tests="2" time="116.432" timestamp="2023-09-07T11:39:39.848060" hostname="biobb-runners"><testcase classname="biobb_cp2k.test.unitests.test_cp2k.test_cp2k_prep.TestCp2kPrep" name="test_cp2k_prep" time="0.012" /><testcase classname="biobb_cp2k.test.unitests.test_cp2k.test_cp2k_run.TestCp2kRun" name="test_cp2k_run" time="116.109" /></testsuite></testsuites>